<?xml version="1.0" encoding="UTF-8"?>
<!-- Generated by org.testng.reporters.JUnitXMLReporter -->
<testsuite ignored="0" hostname="DESKTOP-MCPG6KU" failures="0" tests="3" name="SucessfulLogin" time="3.852" errors="0" timestamp="2021-07-28T00:53:22 CEST">
  <testcase classname="testCases.LoginTest" name="successfulLogin" time="1.971"/>
  <testcase classname="testCases.LoginTest" name="successfulLogin" time="0.91"/>
  <testcase classname="testCases.LoginTest" name="successfulLogin" time="0.932"/>
</testsuite> <!-- SucessfulLogin -->
