<?xml version="1.0" encoding="UTF-8"?>
<!-- Generated by org.testng.reporters.JUnitXMLReporter -->
<testsuite hostname="fv-az56-218" ignored="0" name="Create Blog tests" tests="3" failures="0" timestamp="2021-08-23T08:15:17 UTC" time="12.037" errors="0">
  <testcase name="createBlogLeavingBlankField" time="2.936" classname="testCases.CreateBlogTests"/>
  <testcase name="createBlogSuccess" time="6.999" classname="testCases.CreateBlogTests"/>
  <testcase name="createBlogUrlAlreadyTaken" time="1.969" classname="testCases.CreateBlogTests"/>
</testsuite> <!-- Create Blog tests -->
