<?xml version="1.0" encoding="UTF-8"?>
<!-- Generated by org.testng.reporters.JUnitXMLReporter -->
<testsuite hostname="fv-az56-218" ignored="0" name="Delete Blog tests" tests="2" failures="0" timestamp="2021-08-23T08:16:01 UTC" time="21.68" errors="0">
  <testcase name="deleteBlog_CheckIfBlog_s_PageDeleted" time="6.094" classname="testCases.DeleteBlogTests"/>
  <testcase name="deleteBlog_CheckIfVanishedFromAdminPage" time="15.501" classname="testCases.DeleteBlogTests"/>
</testsuite> <!-- Delete Blog tests -->
