<?xml version="1.0" encoding="UTF-8"?>
<!-- Generated by org.testng.reporters.JUnitXMLReporter -->
<testsuite hostname="fv-az56-218" ignored="0" name="Edit Blog tests" tests="3" failures="0" timestamp="2021-08-23T08:15:39 UTC" time="22.404" errors="0">
  <testcase name="editBlogSuccess" time="10.443" classname="testCases.EditBlogTests"/>
  <testcase name="editBlogUnSuccessBlankField" time="5.903" classname="testCases.EditBlogTests"/>
  <testcase name="editBlogUnSuccessTakenUrl" time="5.957" classname="testCases.EditBlogTests"/>
</testsuite> <!-- Edit Blog tests -->
