<?xml version="1.0" encoding="UTF-8"?>
<!-- Generated by org.testng.reporters.JUnitXMLReporter -->
<testsuite hostname="fv-az56-218" ignored="0" name="Login tests" tests="4" failures="0" timestamp="2021-08-23T08:15:05 UTC" time="4.293" errors="0">
  <testcase name="successfulLogin" time="2.069" classname="testCases.LoginTests"/>
  <testcase name="successfulLogin" time="0.885" classname="testCases.LoginTests"/>
  <testcase name="unsuccessfulLogin" time="0.378" classname="testCases.LoginTests"/>
  <testcase name="unsuccessfulLogin" time="0.389" classname="testCases.LoginTests"/>
</testsuite> <!-- Login tests -->
