<?xml version="1.0" encoding="UTF-8"?>
<!-- Generated by org.testng.reporters.JUnitXMLReporter -->
<testsuite hostname="fv-az56-218" ignored="0" name="Registration tests" tests="3" failures="0" timestamp="2021-08-23T08:16:14 UTC" time="6.739" errors="0">
  <testcase name="registerSuccess" time="2.467" classname="testCases.RegistrationTests"/>
  <testcase name="registerSuccess" time="2.561" classname="testCases.RegistrationTests"/>
  <testcase name="registerUnsuccess" time="1.602" classname="testCases.RegistrationTests"/>
</testsuite> <!-- Registration tests -->
