<?xml version="1.0" encoding="UTF-8"?>
<testsuite xmlns:xsi="http://www.w3.org/2001/XMLSchema-instance" xsi:noNamespaceSchemaLocation="https://maven.apache.org/surefire/maven-surefire-plugin/xsd/surefire-test-report-3.0.xsd" version="3.0" name="TestSuite" time="93.463" tests="20" errors="0" skipped="0" failures="0">
  <properties>
[...]
</properties>
  <testcase name="successfulLogin[admin, fradi1899, true](1)" classname="testCases.LoginTests" time="2.072">
    <system-err><![CDATA[SLF4J: Failed to load class "org.slf4j.impl.StaticLoggerBinder".
SLF4J: Defaulting to no-operation (NOP) logger implementation
SLF4J: See http://www.slf4j.org/codes.html#StaticLoggerBinder for further details.
Starting ChromeDriver 92.0.4515.107 (87a818b10553a07434ea9e2b6dccf3cbe7895134-refs/branch-heads/4515@{#1634}) on port 58687
Only local connections are allowed.
Please see https://chromedriver.chromium.org/security-considerations for suggestions on keeping ChromeDriver safe.
ChromeDriver was started successfully.
Aug 23, 2021 8:14:59 AM org.openqa.selenium.remote.ProtocolHandshake createSession
INFO: Detected dialect: W3C
]]></system-err>
  </testcase>
  <testcase name="successfulLogin[admin, fradi1899, true](2)" classname="testCases.LoginTests" time="0.882">
    <system-out><![CDATA[DEBUG   16297   [freemark] (): Couldn't find template in cache for "Extent.ftl"("en_US", UTF-8, parsed); will try to load it.
DEBUG   16297   [freemark] (): TemplateLoader.findTemplateSource("Extent_en_US.ftl"): Not found
DEBUG   16297   [freemark] (): TemplateLoader.findTemplateSource("Extent_en.ftl"): Not found
DEBUG   16297   [freemark] (): TemplateLoader.findTemplateSource("Extent.ftl"): Found
DEBUG   16297   [freemark] (): Loading template for "Extent.ftl"("en_US", UTF-8, parsed) from "jar:file:/C:/Users/runneradmin/.m2/repository/com/relevantcodes/extentreports/2.41.2/extentreports-2.41.2.jar!/com/relevantcodes/extentreports/view/Extent.ftl"
]]></system-out>
  </testcase>
  <testcase name="unsuccessfulLogin[admin, fradi1900, false](1)" classname="testCases.LoginTests" time="0.374">
    <system-out><![CDATA[DEBUG   16297   [freemark] (): Couldn't find template in cache for "Extent.ftl"("en_US", UTF-8, parsed); will try to load it.
DEBUG   16297   [freemark] (): TemplateLoader.findTemplateSource("Extent_en_US.ftl"): Not found
DEBUG   16297   [freemark] (): TemplateLoader.findTemplateSource("Extent_en.ftl"): Not found
DEBUG   16297   [freemark] (): TemplateLoader.findTemplateSource("Extent.ftl"): Found
DEBUG   16297   [freemark] (): Loading template for "Extent.ftl"("en_US", UTF-8, parsed) from "jar:file:/C:/Users/runneradmin/.m2/repository/com/relevantcodes/extentreports/2.41.2/extentreports-2.41.2.jar!/com/relevantcodes/extentreports/view/Extent.ftl"
]]></system-out>
  </testcase>
  <testcase name="unsuccessfulLogin[balazs@hotmail.hu, fradi1899, false](2)" classname="testCases.LoginTests" time="0.388">
    <system-out><![CDATA[DEBUG   16297   [freemark] (): Couldn't find template in cache for "Extent.ftl"("en_US", UTF-8, parsed); will try to load it.
DEBUG   16297   [freemark] (): TemplateLoader.findTemplateSource("Extent_en_US.ftl"): Not found
DEBUG   16297   [freemark] (): TemplateLoader.findTemplateSource("Extent_en.ftl"): Not found
DEBUG   16297   [freemark] (): TemplateLoader.findTemplateSource("Extent.ftl"): Found
DEBUG   16297   [freemark] (): Loading template for "Extent.ftl"("en_US", UTF-8, parsed) from "jar:file:/C:/Users/runneradmin/.m2/repository/com/relevantcodes/extentreports/2.41.2/extentreports-2.41.2.jar!/com/relevantcodes/extentreports/view/Extent.ftl"
]]></system-out>
  </testcase>
  <testcase name="createBlogLeavingBlankField[BlogTest, , this-is-just-a-test-again, \src\test\resources\testfiles\halo360.jpg, This is just a test with a little bit more text.](1)" classname="testCases.CreateBlogTests" time="2.934">
    <system-out><![CDATA[DEBUG   16297   [freemark] (): Couldn't find template in cache for "Extent.ftl"("en_US", UTF-8, parsed); will try to load it.
DEBUG   16297   [freemark] (): TemplateLoader.findTemplateSource("Extent_en_US.ftl"): Not found
DEBUG   16297   [freemark] (): TemplateLoader.findTemplateSource("Extent_en.ftl"): Not found
DEBUG   16297   [freemark] (): TemplateLoader.findTemplateSource("Extent.ftl"): Found
DEBUG   16297   [freemark] (): Loading template for "Extent.ftl"("en_US", UTF-8, parsed) from "jar:file:/C:/Users/runneradmin/.m2/repository/com/relevantcodes/extentreports/2.41.2/extentreports-2.41.2.jar!/com/relevantcodes/extentreports/view/Extent.ftl"
]]></system-out>
  </testcase>
  <testcase name="createBlogSuccess[BlogTest, This is just a test, this-is-just-a-test, \src\test\resources\testfiles\halo360.jpg, This is just a test with a little bit more text.](1)" classname="testCases.CreateBlogTests" time="7.005">
    <system-out><![CDATA[DEBUG   16297   [freemark] (): Couldn't find template in cache for "Extent.ftl"("en_US", UTF-8, parsed); will try to load it.
DEBUG   16297   [freemark] (): TemplateLoader.findTemplateSource("Extent_en_US.ftl"): Not found
DEBUG   16297   [freemark] (): TemplateLoader.findTemplateSource("Extent_en.ftl"): Not found
DEBUG   16297   [freemark] (): TemplateLoader.findTemplateSource("Extent.ftl"): Found
DEBUG   16297   [freemark] (): Loading template for "Extent.ftl"("en_US", UTF-8, parsed) from "jar:file:/C:/Users/runneradmin/.m2/repository/com/relevantcodes/extentreports/2.41.2/extentreports-2.41.2.jar!/com/relevantcodes/extentreports/view/Extent.ftl"
]]></system-out>
  </testcase>
  <testcase name="createBlogUrlAlreadyTaken[BlogTest, This is just a test, lakasfelujitas-tippek, \src\test\resources\testfiles\halo360.jpg, This is just a test with a little bit more text.](1)" classname="testCases.CreateBlogTests" time="1.964">
    <system-out><![CDATA[DEBUG   16297   [freemark] (): Couldn't find template in cache for "Extent.ftl"("en_US", UTF-8, parsed); will try to load it.
DEBUG   16297   [freemark] (): TemplateLoader.findTemplateSource("Extent_en_US.ftl"): Not found
DEBUG   16297   [freemark] (): TemplateLoader.findTemplateSource("Extent_en.ftl"): Not found
DEBUG   16297   [freemark] (): TemplateLoader.findTemplateSource("Extent.ftl"): Found
DEBUG   16297   [freemark] (): Loading template for "Extent.ftl"("en_US", UTF-8, parsed) from "jar:file:/C:/Users/runneradmin/.m2/repository/com/relevantcodes/extentreports/2.41.2/extentreports-2.41.2.jar!/com/relevantcodes/extentreports/view/Extent.ftl"
]]></system-out>
  </testcase>
  <testcase name="editBlogSuccess[edited-url](1)" classname="testCases.EditBlogTests" time="10.44">
    <system-out><![CDATA[DEBUG   16297   [freemark] (): Couldn't find template in cache for "Extent.ftl"("en_US", UTF-8, parsed); will try to load it.
DEBUG   16297   [freemark] (): TemplateLoader.findTemplateSource("Extent_en_US.ftl"): Not found
DEBUG   16297   [freemark] (): TemplateLoader.findTemplateSource("Extent_en.ftl"): Not found
DEBUG   16297   [freemark] (): TemplateLoader.findTemplateSource("Extent.ftl"): Found
DEBUG   16297   [freemark] (): Loading template for "Extent.ftl"("en_US", UTF-8, parsed) from "jar:file:/C:/Users/runneradmin/.m2/repository/com/relevantcodes/extentreports/2.41.2/extentreports-2.41.2.jar!/com/relevantcodes/extentreports/view/Extent.ftl"
]]></system-out>
  </testcase>
  <testcase name="editBlogUnSuccessBlankField" classname="testCases.EditBlogTests" time="5.886">
    <system-out><![CDATA[DEBUG   16297   [freemark] (): Couldn't find template in cache for "Extent.ftl"("en_US", UTF-8, parsed); will try to load it.
DEBUG   16297   [freemark] (): TemplateLoader.findTemplateSource("Extent_en_US.ftl"): Not found
DEBUG   16297   [freemark] (): TemplateLoader.findTemplateSource("Extent_en.ftl"): Not found
DEBUG   16297   [freemark] (): TemplateLoader.findTemplateSource("Extent.ftl"): Found
DEBUG   16297   [freemark] (): Loading template for "Extent.ftl"("en_US", UTF-8, parsed) from "jar:file:/C:/Users/runneradmin/.m2/repository/com/relevantcodes/extentreports/2.41.2/extentreports-2.41.2.jar!/com/relevantcodes/extentreports/view/Extent.ftl"
]]></system-out>
  </testcase>
  <testcase name="editBlogUnSuccessTakenUrl[lakasfelujitas-tippek](1)" classname="testCases.EditBlogTests" time="5.953">
    <system-out><![CDATA[DEBUG   16297   [freemark] (): Couldn't find template in cache for "Extent.ftl"("en_US", UTF-8, parsed); will try to load it.
DEBUG   16297   [freemark] (): TemplateLoader.findTemplateSource("Extent_en_US.ftl"): Not found
DEBUG   16297   [freemark] (): TemplateLoader.findTemplateSource("Extent_en.ftl"): Not found
DEBUG   16297   [freemark] (): TemplateLoader.findTemplateSource("Extent.ftl"): Found
DEBUG   16297   [freemark] (): Loading template for "Extent.ftl"("en_US", UTF-8, parsed) from "jar:file:/C:/Users/runneradmin/.m2/repository/com/relevantcodes/extentreports/2.41.2/extentreports-2.41.2.jar!/com/relevantcodes/extentreports/view/Extent.ftl"
]]></system-out>
  </testcase>
  <testcase name="deleteBlog_CheckIfBlog_s_PageDeleted" classname="testCases.DeleteBlogTests" time="6.09">
    <system-out><![CDATA[DEBUG   16297   [freemark] (): Couldn't find template in cache for "Extent.ftl"("en_US", UTF-8, parsed); will try to load it.
DEBUG   16297   [freemark] (): TemplateLoader.findTemplateSource("Extent_en_US.ftl"): Not found
DEBUG   16297   [freemark] (): TemplateLoader.findTemplateSource("Extent_en.ftl"): Not found
DEBUG   16297   [freemark] (): TemplateLoader.findTemplateSource("Extent.ftl"): Found
DEBUG   16297   [freemark] (): Loading template for "Extent.ftl"("en_US", UTF-8, parsed) from "jar:file:/C:/Users/runneradmin/.m2/repository/com/relevantcodes/extentreports/2.41.2/extentreports-2.41.2.jar!/com/relevantcodes/extentreports/view/Extent.ftl"
]]></system-out>
  </testcase>
  <testcase name="deleteBlog_CheckIfVanishedFromAdminPage" classname="testCases.DeleteBlogTests" time="15.499">
    <system-out><![CDATA[DEBUG   16297   [freemark] (): Couldn't find template in cache for "Extent.ftl"("en_US", UTF-8, parsed); will try to load it.
DEBUG   16297   [freemark] (): TemplateLoader.findTemplateSource("Extent_en_US.ftl"): Not found
DEBUG   16297   [freemark] (): TemplateLoader.findTemplateSource("Extent_en.ftl"): Not found
DEBUG   16297   [freemark] (): TemplateLoader.findTemplateSource("Extent.ftl"): Found
DEBUG   16297   [freemark] (): Loading template for "Extent.ftl"("en_US", UTF-8, parsed) from "jar:file:/C:/Users/runneradmin/.m2/repository/com/relevantcodes/extentreports/2.41.2/extentreports-2.41.2.jar!/com/relevantcodes/extentreports/view/Extent.ftl"
]]></system-out>
  </testcase>
  <testcase name="afterLogoutTryGoBackToPreviusPage" classname="testCases.LogoutTests" time="1.2">
    <system-out><![CDATA[DEBUG   16297   [freemark] (): Couldn't find template in cache for "Extent.ftl"("en_US", UTF-8, parsed); will try to load it.
DEBUG   16297   [freemark] (): TemplateLoader.findTemplateSource("Extent_en_US.ftl"): Not found
DEBUG   16297   [freemark] (): TemplateLoader.findTemplateSource("Extent_en.ftl"): Not found
DEBUG   16297   [freemark] (): TemplateLoader.findTemplateSource("Extent.ftl"): Found
DEBUG   16297   [freemark] (): Loading template for "Extent.ftl"("en_US", UTF-8, parsed) from "jar:file:/C:/Users/runneradmin/.m2/repository/com/relevantcodes/extentreports/2.41.2/extentreports-2.41.2.jar!/com/relevantcodes/extentreports/view/Extent.ftl"
]]></system-out>
  </testcase>
  <testcase name="logOut" classname="testCases.LogoutTests" time="0.982">
    <system-out><![CDATA[DEBUG   16297   [freemark] (): Couldn't find template in cache for "Extent.ftl"("en_US", UTF-8, parsed); will try to load it.
DEBUG   16297   [freemark] (): TemplateLoader.findTemplateSource("Extent_en_US.ftl"): Not found
DEBUG   16297   [freemark] (): TemplateLoader.findTemplateSource("Extent_en.ftl"): Not found
DEBUG   16297   [freemark] (): TemplateLoader.findTemplateSource("Extent.ftl"): Found
DEBUG   16297   [freemark] (): Loading template for "Extent.ftl"("en_US", UTF-8, parsed) from "jar:file:/C:/Users/runneradmin/.m2/repository/com/relevantcodes/extentreports/2.41.2/extentreports-2.41.2.jar!/com/relevantcodes/extentreports/view/Extent.ftl"
]]></system-out>
  </testcase>
  <testcase name="listUsers[[admin, asd, qwer, qwert, qwerfgh, bala7777, adminImre, valaki, tesztuser, fradi1899]](1)" classname="testCases.ListRegisteredUsersTests" time="1.739">
    <system-out><![CDATA[DEBUG   16297   [freemark] (): Couldn't find template in cache for "Extent.ftl"("en_US", UTF-8, parsed); will try to load it.
DEBUG   16297   [freemark] (): TemplateLoader.findTemplateSource("Extent_en_US.ftl"): Not found
DEBUG   16297   [freemark] (): TemplateLoader.findTemplateSource("Extent_en.ftl"): Not found
DEBUG   16297   [freemark] (): TemplateLoader.findTemplateSource("Extent.ftl"): Found
DEBUG   16297   [freemark] (): Loading template for "Extent.ftl"("en_US", UTF-8, parsed) from "jar:file:/C:/Users/runneradmin/.m2/repository/com/relevantcodes/extentreports/2.41.2/extentreports-2.41.2.jar!/com/relevantcodes/extentreports/view/Extent.ftl"
]]></system-out>
  </testcase>
  <testcase name="traversingList[[admin, asd, qwer, qwert, qwerfgh, bala7777, adminImre, valaki, tesztuser, fradi1899, valaki2, admin123, usertest, vizsgremekhez, codecool, selenium, dio, rainbow, lol, best345, lay23, theBest123, fm19, java16, more, moremore, bala, testtest, rob123, mike99, papa88, mama67, valamiuser]](1)" classname="testCases.ListRegisteredUsersTests" time="2.186">
    <system-out><![CDATA[DEBUG   16297   [freemark] (): Couldn't find template in cache for "Extent.ftl"("en_US", UTF-8, parsed); will try to load it.
DEBUG   16297   [freemark] (): TemplateLoader.findTemplateSource("Extent_en_US.ftl"): Not found
DEBUG   16297   [freemark] (): TemplateLoader.findTemplateSource("Extent_en.ftl"): Not found
DEBUG   16297   [freemark] (): TemplateLoader.findTemplateSource("Extent.ftl"): Found
DEBUG   16297   [freemark] (): Loading template for "Extent.ftl"("en_US", UTF-8, parsed) from "jar:file:/C:/Users/runneradmin/.m2/repository/com/relevantcodes/extentreports/2.41.2/extentreports-2.41.2.jar!/com/relevantcodes/extentreports/view/Extent.ftl"
]]></system-out>
  </testcase>
  <testcase name="registerSuccess[qwe, asdfg12345](1)" classname="testCases.RegistrationTests" time="2.548">
    <system-out><![CDATA[DEBUG   16297   [freemark] (): Couldn't find template in cache for "Extent.ftl"("en_US", UTF-8, parsed); will try to load it.
DEBUG   16297   [freemark] (): TemplateLoader.findTemplateSource("Extent_en_US.ftl"): Not found
DEBUG   16297   [freemark] (): TemplateLoader.findTemplateSource("Extent_en.ftl"): Not found
DEBUG   16297   [freemark] (): TemplateLoader.findTemplateSource("Extent.ftl"): Found
DEBUG   16297   [freemark] (): Loading template for "Extent.ftl"("en_US", UTF-8, parsed) from "jar:file:/C:/Users/runneradmin/.m2/repository/com/relevantcodes/extentreports/2.41.2/extentreports-2.41.2.jar!/com/relevantcodes/extentreports/view/Extent.ftl"
]]></system-out>
  </testcase>
  <testcase name="registerSuccess[dfgh, dfgh93728](2)" classname="testCases.RegistrationTests" time="2.505">
    <system-out><![CDATA[DEBUG   16297   [freemark] (): Couldn't find template in cache for "Extent.ftl"("en_US", UTF-8, parsed); will try to load it.
DEBUG   16297   [freemark] (): TemplateLoader.findTemplateSource("Extent_en_US.ftl"): Not found
DEBUG   16297   [freemark] (): TemplateLoader.findTemplateSource("Extent_en.ftl"): Not found
DEBUG   16297   [freemark] (): TemplateLoader.findTemplateSource("Extent.ftl"): Found
DEBUG   16297   [freemark] (): Loading template for "Extent.ftl"("en_US", UTF-8, parsed) from "jar:file:/C:/Users/runneradmin/.m2/repository/com/relevantcodes/extentreports/2.41.2/extentreports-2.41.2.jar!/com/relevantcodes/extentreports/view/Extent.ftl"
]]></system-out>
  </testcase>
  <testcase name="registerUnsuccess[admin, gkjdfgkj1234](1)" classname="testCases.RegistrationTests" time="1.64">
    <system-out><![CDATA[DEBUG   16297   [freemark] (): Couldn't find template in cache for "Extent.ftl"("en_US", UTF-8, parsed); will try to load it.
DEBUG   16297   [freemark] (): TemplateLoader.findTemplateSource("Extent_en_US.ftl"): Not found
DEBUG   16297   [freemark] (): TemplateLoader.findTemplateSource("Extent_en.ftl"): Not found
DEBUG   16297   [freemark] (): TemplateLoader.findTemplateSource("Extent.ftl"): Found
DEBUG   16297   [freemark] (): Loading template for "Extent.ftl"("en_US", UTF-8, parsed) from "jar:file:/C:/Users/runneradmin/.m2/repository/com/relevantcodes/extentreports/2.41.2/extentreports-2.41.2.jar!/com/relevantcodes/extentreports/view/Extent.ftl"
]]></system-out>
  </testcase>
  <testcase name="validatePrivacyPolicyText" classname="testCases.PrivacyPolicyTests" time="1.723">
    <system-out><![CDATA[DEBUG   16297   [freemark] (): Couldn't find template in cache for "Extent.ftl"("en_US", UTF-8, parsed); will try to load it.
DEBUG   16297   [freemark] (): TemplateLoader.findTemplateSource("Extent_en_US.ftl"): Not found
DEBUG   16297   [freemark] (): TemplateLoader.findTemplateSource("Extent_en.ftl"): Not found
DEBUG   16297   [freemark] (): TemplateLoader.findTemplateSource("Extent.ftl"): Found
DEBUG   16297   [freemark] (): Loading template for "Extent.ftl"("en_US", UTF-8, parsed) from "jar:file:/C:/Users/runneradmin/.m2/repository/com/relevantcodes/extentreports/2.41.2/extentreports-2.41.2.jar!/com/relevantcodes/extentreports/view/Extent.ftl"
]]></system-out>
  </testcase>
</testsuite>