<?xml version="1.0" encoding="UTF-8"?>
<testng-results ignored="0" total="1" passed="1" failed="0" skipped="0">
  <reporter-output>
  </reporter-output>
  <suite started-at="2021-08-20T22:32:49 CEST" name="Functional tests" finished-at="2021-08-20T22:32:56 CEST" duration-ms="6741">
    <groups>
    </groups>
    <test started-at="2021-08-20T22:32:49 CEST" name="Privacy policy tests" finished-at="2021-08-20T22:32:56 CEST" duration-ms="6741">
      <class name="testCases.PrivacyPolicyTests">
        <test-method is-config="true" signature="setUp()[pri:0, instance:testCases.PrivacyPolicyTests@2e554a3b]" started-at="2021-08-20T22:32:45 CEST" name="setUp" finished-at="2021-08-20T22:32:49 CEST" duration-ms="4648" status="PASS">
          <reporter-output>
          </reporter-output>
        </test-method> <!-- setUp -->
        <test-method signature="validatePrivacyPolicyText()[pri:0, instance:testCases.PrivacyPolicyTests@2e554a3b]" started-at="2021-08-20T22:32:49 CEST" name="validatePrivacyPolicyText" finished-at="2021-08-20T22:32:56 CEST" duration-ms="6480" status="PASS">
          <reporter-output>
          </reporter-output>
        </test-method> <!-- validatePrivacyPolicyText -->
        <test-method is-config="true" signature="tearDown()[pri:0, instance:testCases.PrivacyPolicyTests@2e554a3b]" started-at="2021-08-20T22:32:56 CEST" name="tearDown" finished-at="2021-08-20T22:32:56 CEST" duration-ms="232" status="PASS">
          <reporter-output>
          </reporter-output>
        </test-method> <!-- tearDown -->
      </class> <!-- testCases.PrivacyPolicyTests -->
    </test> <!-- Privacy policy tests -->
  </suite> <!-- Functional tests -->
</testng-results>
