<?xml version="1.0" encoding="UTF-8"?>
<testsuite name="Registration tests"
           tests="3"
           failures="0"
           errors="0"
           skipped="0"
           time="6.630">
  <properties />
  
  
            <testcase name="registerSuccess" time="2.467" classname="testCases.RegistrationTests" />
                <testcase name="registerUnsuccess" time="1.602" classname="testCases.RegistrationTests" />
                <testcase name="registerSuccess" time="2.561" classname="testCases.RegistrationTests" />
      
</testsuite>
