<?xml version="1.0" encoding="UTF-8"?>
<testsuite name="Edit Blog tests"
           tests="3"
           failures="0"
           errors="0"
           skipped="0"
           time="22.303">
  <properties />
  
  
            <testcase name="editBlogUnSuccessTakenUrl" time="5.957" classname="testCases.EditBlogTests" />
                <testcase name="editBlogSuccess" time="10.443" classname="testCases.EditBlogTests" />
                <testcase name="editBlogUnSuccessBlankField" time="5.903" classname="testCases.EditBlogTests" />
      
</testsuite>
